[2024-03-16T21:38:45.706] [ERROR] default - Error: listen EADDRINUSE: address already in use :::3031
    at Server.setupListenHandle [as _listen2] (node:net:1334:16)
    at listenInCluster (node:net:1382:12)
    at Server.listen (node:net:1469:7)
    at Function.listen (/home/lupo/Desktop/Backend/Entrega-19/node_modules/express/lib/application.js:618:24)
    at file:///home/lupo/Desktop/Backend/Entrega-19/src/server.js:81:20
    at ModuleJob.run (node:internal/modules/esm/module_job:185:25)
    at async Promise.all (index 0)
    at async ESMLoader.import (node:internal/modules/esm/loader:281:24)
    at async loadESM (node:internal/process/esm_loader:88:5)
    at async handleMainPromise (node:internal/modules/run_main:65:12) {
  code: 'EADDRINUSE',
  errno: -98,
  syscall: 'listen',
  address: '::',
  port: 3031
}
[2024-03-16T21:45:08.684] [ERROR] default - CastError: Cast to ObjectId failed for value "a" (type string) at path "_id" for model "productos"
    at model.Query.exec (/home/lupo/Desktop/Backend/Entrega-21/node_modules/mongoose/lib/query.js:4715:21)
    at model.Query.Query.then (/home/lupo/Desktop/Backend/Entrega-21/node_modules/mongoose/lib/query.js:4814:15) {
  messageFormat: undefined,
  stringValue: '"a"',
  kind: 'ObjectId',
  value: 'a',
  path: '_id',
  reason: BSONTypeError: Argument passed in must be a string of 12 bytes or a string of 24 hex characters or an integer
      at new BSONTypeError (/home/lupo/Desktop/Backend/Entrega-21/node_modules/bson/lib/error.js:41:28)
      at new ObjectId (/home/lupo/Desktop/Backend/Entrega-21/node_modules/bson/lib/objectid.js:67:23)
      at castObjectId (/home/lupo/Desktop/Backend/Entrega-21/node_modules/mongoose/lib/cast/objectid.js:24:12)
      at ObjectId.cast (/home/lupo/Desktop/Backend/Entrega-21/node_modules/mongoose/lib/schema/objectid.js:247:12)
      at ObjectId.SchemaType.applySetters (/home/lupo/Desktop/Backend/Entrega-21/node_modules/mongoose/lib/schematype.js:1189:12)
      at ObjectId.SchemaType._castForQuery (/home/lupo/Desktop/Backend/Entrega-21/node_modules/mongoose/lib/schematype.js:1623:15)
      at ObjectId.SchemaType.castForQuery (/home/lupo/Desktop/Backend/Entrega-21/node_modules/mongoose/lib/schematype.js:1613:15)
      at ObjectId.SchemaType.castForQueryWrapper (/home/lupo/Desktop/Backend/Entrega-21/node_modules/mongoose/lib/schematype.js:1590:20)
      at cast (/home/lupo/Desktop/Backend/Entrega-21/node_modules/mongoose/lib/cast.js:344:32)
      at model.Query.Query.cast (/home/lupo/Desktop/Backend/Entrega-21/node_modules/mongoose/lib/query.js:5137:12),
  valueType: 'string'
}
[2024-03-16T21:48:55.186] [ERROR] default - CastError: Cast to ObjectId failed for value "non-existent-id" (type string) at path "_id" for model "productos"
    at model.Query.exec (/home/lupo/Desktop/Backend/Entrega-21/node_modules/mongoose/lib/query.js:4715:21)
    at model.Query.Query.then (/home/lupo/Desktop/Backend/Entrega-21/node_modules/mongoose/lib/query.js:4814:15) {
  messageFormat: undefined,
  stringValue: '"non-existent-id"',
  kind: 'ObjectId',
  value: 'non-existent-id',
  path: '_id',
  reason: BSONTypeError: Argument passed in must be a string of 12 bytes or a string of 24 hex characters or an integer
      at new BSONTypeError (/home/lupo/Desktop/Backend/Entrega-21/node_modules/bson/lib/error.js:41:28)
      at new ObjectId (/home/lupo/Desktop/Backend/Entrega-21/node_modules/bson/lib/objectid.js:67:23)
      at castObjectId (/home/lupo/Desktop/Backend/Entrega-21/node_modules/mongoose/lib/cast/objectid.js:24:12)
      at ObjectId.cast (/home/lupo/Desktop/Backend/Entrega-21/node_modules/mongoose/lib/schema/objectid.js:247:12)
      at ObjectId.SchemaType.applySetters (/home/lupo/Desktop/Backend/Entrega-21/node_modules/mongoose/lib/schematype.js:1189:12)
      at ObjectId.SchemaType._castForQuery (/home/lupo/Desktop/Backend/Entrega-21/node_modules/mongoose/lib/schematype.js:1623:15)
      at ObjectId.SchemaType.castForQuery (/home/lupo/Desktop/Backend/Entrega-21/node_modules/mongoose/lib/schematype.js:1613:15)
      at ObjectId.SchemaType.castForQueryWrapper (/home/lupo/Desktop/Backend/Entrega-21/node_modules/mongoose/lib/schematype.js:1590:20)
      at cast (/home/lupo/Desktop/Backend/Entrega-21/node_modules/mongoose/lib/cast.js:344:32)
      at model.Query.Query.cast (/home/lupo/Desktop/Backend/Entrega-21/node_modules/mongoose/lib/query.js:5137:12),
  valueType: 'string'
}
[2024-03-16T21:49:

18.639] [ERROR] default - CastError: Cast to ObjectId failed for value "non-existent-id" (type string) at path "_id" for model "productos"
    at model.Query.exec (/home/lupo/Desktop/Backend/Entrega-21/node_modules/mongoose/lib/query.js:4715:21)
    at model.Query.Query.then (/home/lupo/Desktop/Backend/Entrega-21/node_modules/mongoose/lib/query.js:4814:15) {
  messageFormat: undefined,
  stringValue: '"non-existent-id"',
  kind: 'ObjectId',
  value: 'non-existent-id',
  path: '_id',
  reason: BSONTypeError: Argument passed in must be a string of 12 bytes or a string of 24 hex characters or an integer
      at new BSONTypeError (/home/lupo/Desktop/Backend/Entrega-21/node_modules/bson/lib/error.js:41:28)
      at new ObjectId (/home/lupo/Desktop/Backend/Entrega-21/node_modules/bson/lib/objectid.js:67:23)
      at castObjectId (/home/lupo/Desktop/Backend/Entrega-21/node_modules/mongoose/lib/cast/objectid.js:24:12)
      at ObjectId.cast (/home/lupo/Desktop/Backend/Entrega-21/node_modules/mongoose/lib/schema/objectid.js:247:12)
      at ObjectId.SchemaType.applySetters (/home/lupo/Desktop/Backend/Entrega-21/node_modules/mongoose/lib/schematype.js:1189:12)
      at ObjectId.SchemaType._castForQuery (/home/lupo/Desktop/Backend/Entrega-21/node_modules/mongoose/lib/schematype.js:1623:15)
      at ObjectId.SchemaType.castForQuery (/home/lupo/Desktop/Backend/Entrega-21/node_modules/mongoose/lib/schematype.js:1613:15)
      at ObjectId.SchemaType.castForQueryWrapper (/home/lupo/Desktop/Backend/Entrega-21/node_modules/mongoose/lib/schematype.js:1590:20)
      at cast (/home/lupo/Desktop/Backend/Entrega-21/node_modules/mongoose/lib/cast.js:344:32)
      at model.Query.Query.cast (/home/lupo/Desktop/Backend/Entrega-21/node_modules/mongoose/lib/query.js:5137:12),
  valueType: 'string'
}
[2024-03-16T21:50:27.879] [ERROR] default - CastError: Cast to ObjectId failed for value "non-existent-id" (type string) at path "_id" for model "productos"
    at model.Query.exec (/home/lupo/Desktop/Backend/Entrega-21/node_modules/mongoose/lib/query.js:4715:21)
    at model.Query.Query.then (/home/lupo/Desktop/Backend/Entrega-21/node_modules/mongoose/lib/query.js:4814:15) {
  messageFormat: undefined,
  stringValue: '"non-existent-id"',
  kind: 'ObjectId',
  value: 'non-existent-id',
  path: '_id',
  reason: BSONTypeError: Argument passed in must be a string of 12 bytes or a string of 24 hex characters or an integer
      at new BSONTypeError (/home/lupo/Desktop/Backend/Entrega-21/node_modules/bson/lib/error.js:41:28)
      at new ObjectId (/home/lupo/Desktop/Backend/Entrega-21/node_modules/bson/lib/objectid.js:67:23)
      at castObjectId (/home/lupo/Desktop/Backend/Entrega-21/node_modules/mongoose/lib/cast/objectid.js:24:12)
      at ObjectId.cast (/home/lupo/Desktop/Backend/Entrega-21/node_modules/mongoose/lib/schema/objectid.js:247:12)
      at ObjectId.SchemaType.applySetters (/home/lupo/Desktop/Backend/Entrega-21/node_modules/mongoose/lib/schematype.js:1189:12)
      at ObjectId.SchemaType._castForQuery (/home/lupo/Desktop/Backend/Entrega-21/node_modules/mongoose/lib/schematype.js:1623:15)
      at ObjectId.SchemaType.castForQuery (/home/lupo/Desktop/Backend/Entrega-21/node_modules/mongoose/lib/schematype.js:1613:15)
      at ObjectId.SchemaType.castForQueryWrapper (/home/lupo/Desktop/Backend/Entrega-21/node_modules/mongoose/lib/schematype.js:1590:20)
      at cast (/home/lupo/Desktop/Backend/Entrega-21/node_modules/mongoose/lib/cast.js:344:32)
      at model.Query.Query.cast (/home/lupo/Desktop/Backend/Entrega-21/node_modules/mongoose/lib/query.js:5137:12),
  valueType: 'string'
}
[2024-03-16T21:51:13.202] [ERROR] default - CastError: Cast to ObjectId failed for value "non-existent-id" (type string) at path "_id" for model "productos"
    at model.Query.exec (/home/lupo/Desktop/Backend/Entrega-21/node_modules/mongoose/lib/query.js:4715:21)
    at model.Query.Query.then (/home/lupo/Desktop/Backend/Entrega-21/node_modules/mongoose/lib/query.js:4814:15) {
  messageFormat: undefined,
  stringValue: '"non-existent-id"',
  kind: 'ObjectId',
  value: 'non-existent-id',
  path: '_id',
  reason: BSONTypeError: Argument passed in must be a string of 12 bytes or a string of 24 hex characters or an integer
      at new BSONTypeError (/home/lupo/Desktop/Backend/Entrega-21/node_modules/bson/lib/error.js:41:28)
      at new ObjectId (/home/lupo/Desktop/Backend/Entrega-21/node_modules/bson/lib/objectid.js:67:23)
      at castObjectId (/home/lupo/Desktop/Backend/Entrega-21/node_modules/mongoose/lib/cast/objectid.js:24:12)
      at ObjectId.cast (/home/lupo/Desktop/Backend/Entrega-21/node_modules/mongoose/lib/schema/objectid.js:247:12)
      at ObjectId.SchemaType.applySetters (/home/lupo/Desktop/Backend/Entrega-21/node_modules/mongoose/lib/schematype.js:1189:12)
      at ObjectId.SchemaType._castForQuery (/home/lupo/Desktop/Backend/Entrega-21/node_modules/mongoose/lib/schematype.js:1623:15)
      at ObjectId.SchemaType.castForQuery (/home/lupo/Desktop/Backend/Entrega-21/node_modules/mongoose/lib/schematype.js:1613:15)
      at ObjectId.SchemaType.castForQueryWrapper (/home/lupo/Desktop/Backend/Entrega-21/node_modules/mongoose/lib/schematype.js:1590:20)
      at cast (/home/lupo/Desktop/Backend/Entrega-21/node_modules/mongoose/lib/cast.js:344:32)
      at model.Query.Query.cast (/home/lupo/Desktop/Backend/Entrega-21/node_modules/mongoose/lib/query.js:5137:12),
  valueType: 'string'
}
